12:22:31 PM: DEBUG [logger_base.py:12] Mensaje a nivel debug
12:22:31 PM: INFO [logger_base.py:13] Mensaje a nivel info
12:22:31 PM: WARNING [logger_base.py:14] Mensaje a nivel de warning
12:22:31 PM: ERROR [logger_base.py:15] Mensaje a nivel de error
12:22:31 PM: CRITICAL [logger_base.py:16] Mensaje a nivel critico
12:27:04 PM: DEBUG [persona.py:50] 
            Id Persona: 1, Nombre: Juan,
            Apellido: Perez, Email: jperez@mail.com
        
12:27:04 PM: DEBUG [persona.py:53] 
            Id Persona: None, Nombre: Juan,
            Apellido: Perez, Email: jperez@mail.com
        
12:27:04 PM: DEBUG [persona.py:56] 
            Id Persona: 1, Nombre: None,
            Apellido: None, Email: None
        
12:30:07 PM: DEBUG [conexion.py:25] Conexión exitosa: <connection object at 0x000001AE824E88C0; dsn: 'user=postgres password=xxx dbname=test_db host=127.0.0.1 port=5432', closed: 0>
12:30:07 PM: DEBUG [conexion.py:38] Se abrió correctamente el cursor: <cursor object at 0x000001AE843834A0; closed: 0>
12:32:31 PM: DEBUG [conexion.py:25] Conexión exitosa: <connection object at 0x000001DF866188C0; dsn: 'user=postgres password=xxx dbname=test_db host=127.0.0.1 port=5432', closed: 0>
12:32:31 PM: DEBUG [conexion.py:38] Se abrió correctamente el cursor: <cursor object at 0x000001DF889B34A0; closed: 0>
12:33:30 PM: DEBUG [conexion.py:25] Conexión exitosa: <connection object at 0x0000028EB3A488C0; dsn: 'user=postgres password=xxx dbname=test_db host=127.0.0.1 port=5432', closed: 0>
12:33:30 PM: DEBUG [conexion.py:38] Se abrió correctamente el cursor: <cursor object at 0x0000028EB5DDA580; closed: 0>
12:33:48 PM: DEBUG [persona.py:50] 
            Id Persona: 1, Nombre: Juan,
            Apellido: Perez, Email: jperez@mail.com
        
12:33:48 PM: DEBUG [persona.py:53] 
            Id Persona: None, Nombre: Juan,
            Apellido: Perez, Email: jperez@mail.com
        
12:33:48 PM: DEBUG [persona.py:56] 
            Id Persona: 1, Nombre: None,
            Apellido: None, Email: None
        
01:40:38 PM: DEBUG [conexion.py:25] Conexión exitosa: <connection object at 0x000001128BF488C0; dsn: 'user=postgres password=xxx dbname=test_db host=127.0.0.1 port=5432', closed: 0>
01:40:38 PM: DEBUG [conexion.py:38] Se abrió correctamente el cursor: <cursor object at 0x000001128E2BA580; closed: 0>
01:40:38 PM: DEBUG [persona_dao.py:33] Persona insertada: 
            Id Persona: None, Nombre: Pedro,
            Apellido: Najera, Email: pnajera@mail.com
        
01:40:38 PM: DEBUG [persona_dao.py:58] Personas insertadas: 1
01:53:58 PM: DEBUG [cursor_del_pool.py:10] Incio del método with __enter__
01:53:58 PM: DEBUG [conexion.py:26] Creación del pool exitosa: <psycopg2.pool.SimpleConnectionPool object at 0x000002BDA8CD9F70>
01:53:58 PM: DEBUG [conexion.py:37] Conexión obtenida del pool: <connection object at 0x000002BDA8FFAAE0; dsn: 'user=postgres password=xxx dbname=test_db host=127.0.0.1 port=5432', closed: 0>
01:53:58 PM: DEBUG [cursor_del_pool.py:28] Dentro del bloque with
01:53:58 PM: DEBUG [cursor_del_pool.py:30] [(1, 'Juan', 'Perez', 'jperez@mail.com'), (2, 'Karla', 'Gomez', 'kgomez@mail.com'), (3, 'Carlos', 'Lara', 'clara@mail.com'), (7, 'Marcos', 'Cantu', 'mcantu@gmail.com'), (8, 'Angel', 'Quintana', 'aquintana@mail.com'), (9, 'Maria', 'Gonzalez', 'mgonzalez@gmail.com'), (10, 'Pedro', 'Najera', 'pnajera@mail.com')]
01:53:58 PM: DEBUG [cursor_del_pool.py:16] Se ejecuta método __exit__
01:53:58 PM: DEBUG [cursor_del_pool.py:22] Commit de la transacción
01:53:58 PM: DEBUG [conexion.py:43] Regresamos la conexión al pool: <connection object at 0x000002BDA8FFAAE0; dsn: 'user=postgres password=xxx dbname=test_db host=127.0.0.1 port=5432', closed: 0>
04:55:53 PM: DEBUG [cursor_del_pool.py:10] Incio del método with __enter__
04:55:53 PM: DEBUG [conexion.py:25] Creación del pool exitosa: <psycopg2.pool.SimpleConnectionPool object at 0x0000022DBA6BBF40>
04:55:53 PM: DEBUG [conexion.py:36] Conexión obtenida del pool: <connection object at 0x0000022DBA9FCBF0; dsn: 'user=postgres password=xxx dbname=test_db host=127.0.0.1 port=5432', closed: 0>
04:55:53 PM: DEBUG [usuario_dao.py:19] Seleccionando usuarios
04:55:53 PM: DEBUG [cursor_del_pool.py:16] Se ejecuta método __exit__
04:55:53 PM: DEBUG [cursor_del_pool.py:22] Commit de la transacción
04:55:53 PM: DEBUG [conexion.py:42] Regresamos la conexión al pool: <connection object at 0x0000022DBA9FCBF0; dsn: 'user=postgres password=xxx dbname=test_db host=127.0.0.1 port=5432', closed: 0>
04:55:53 PM: INFO [menu_app_usuario.py:17] Usuario: 1 jperez 123
04:55:53 PM: INFO [menu_app_usuario.py:17] Usuario: 2 kgomez 456
04:58:27 PM: DEBUG [cursor_del_pool.py:10] Incio del método with __enter__
04:58:27 PM: DEBUG [conexion.py:36] Conexión obtenida del pool: <connection object at 0x0000022DBA9FCBF0; dsn: 'user=postgres password=xxx dbname=test_db host=127.0.0.1 port=5432', closed: 0>
04:58:27 PM: DEBUG [usuario_dao.py:31] Usuario a insertar: Usuario: None mlara 567
04:58:27 PM: DEBUG [cursor_del_pool.py:16] Se ejecuta método __exit__
04:58:27 PM: DEBUG [cursor_del_pool.py:22] Commit de la transacción
04:58:27 PM: DEBUG [conexion.py:42] Regresamos la conexión al pool: <connection object at 0x0000022DBA9FCBF0; dsn: 'user=postgres password=xxx dbname=test_db host=127.0.0.1 port=5432', closed: 0>
04:58:27 PM: INFO [menu_app_usuario.py:23] Usuarios insertados: 1
04:59:30 PM: DEBUG [cursor_del_pool.py:10] Incio del método with __enter__
04:59:30 PM: DEBUG [conexion.py:36] Conexión obtenida del pool: <connection object at 0x0000022DBA9FCBF0; dsn: 'user=postgres password=xxx dbname=test_db host=127.0.0.1 port=5432', closed: 0>
04:59:30 PM: DEBUG [usuario_dao.py:31] Usuario a insertar: Usuario: None aquintana abc
04:59:30 PM: DEBUG [cursor_del_pool.py:16] Se ejecuta método __exit__
04:59:30 PM: DEBUG [cursor_del_pool.py:22] Commit de la transacción
04:59:30 PM: DEBUG [conexion.py:42] Regresamos la conexión al pool: <connection object at 0x0000022DBA9FCBF0; dsn: 'user=postgres password=xxx dbname=test_db host=127.0.0.1 port=5432', closed: 0>
04:59:30 PM: INFO [menu_app_usuario.py:23] Usuarios insertados: 1
04:59:57 PM: DEBUG [cursor_del_pool.py:10] Incio del método with __enter__
04:59:57 PM: DEBUG [conexion.py:36] Conexión obtenida del pool: <connection object at 0x0000022DBA9FCBF0; dsn: 'user=postgres password=xxx dbname=test_db host=127.0.0.1 port=5432', closed: 0>
04:59:57 PM: DEBUG [usuario_dao.py:39] Usuario a actualizar Usuario: 4 flopez 789
04:59:57 PM: DEBUG [cursor_del_pool.py:16] Se ejecuta método __exit__
04:59:57 PM: DEBUG [cursor_del_pool.py:22] Commit de la transacción
04:59:57 PM: DEBUG [conexion.py:42] Regresamos la conexión al pool: <connection object at 0x0000022DBA9FCBF0; dsn: 'user=postgres password=xxx dbname=test_db host=127.0.0.1 port=5432', closed: 0>
04:59:57 PM: INFO [menu_app_usuario.py:30] usuarios actualizados: 1
05:00:17 PM: DEBUG [cursor_del_pool.py:10] Incio del método with __enter__
05:00:17 PM: DEBUG [conexion.py:36] Conexión obtenida del pool: <connection object at 0x0000022DBA9FCBF0; dsn: 'user=postgres password=xxx dbname=test_db host=127.0.0.1 port=5432', closed: 0>
05:00:17 PM: DEBUG [usuario_dao.py:47] Usuario a eliminar: Usuario: 4 None None
05:00:17 PM: DEBUG [cursor_del_pool.py:16] Se ejecuta método __exit__
05:00:17 PM: DEBUG [cursor_del_pool.py:22] Commit de la transacción
05:00:17 PM: DEBUG [conexion.py:42] Regresamos la conexión al pool: <connection object at 0x0000022DBA9FCBF0; dsn: 'user=postgres password=xxx dbname=test_db host=127.0.0.1 port=5432', closed: 0>
05:00:17 PM: INFO [menu_app_usuario.py:35] usuarios eliminados: 1
05:00:20 PM: DEBUG [cursor_del_pool.py:10] Incio del método with __enter__
05:00:20 PM: DEBUG [conexion.py:36] Conexión obtenida del pool: <connection object at 0x0000022DBA9FCBF0; dsn: 'user=postgres password=xxx dbname=test_db host=127.0.0.1 port=5432', closed: 0>
05:00:20 PM: DEBUG [usuario_dao.py:19] Seleccionando usuarios
05:00:20 PM: DEBUG [cursor_del_pool.py:16] Se ejecuta método __exit__
05:00:20 PM: DEBUG [cursor_del_pool.py:22] Commit de la transacción
05:00:20 PM: DEBUG [conexion.py:42] Regresamos la conexión al pool: <connection object at 0x0000022DBA9FCBF0; dsn: 'user=postgres password=xxx dbname=test_db host=127.0.0.1 port=5432', closed: 0>
05:00:20 PM: INFO [menu_app_usuario.py:17] Usuario: 1 jperez 123
05:00:20 PM: INFO [menu_app_usuario.py:17] Usuario: 2 kgomez 456
05:00:20 PM: INFO [menu_app_usuario.py:17] Usuario: 3 mlara 567
05:00:26 PM: INFO [menu_app_usuario.py:37] Salimos de la aplicación...
11:29:54 AM: DEBUG [cursor_del_pool.py:10] Incio del método with __enter__
11:29:54 AM: DEBUG [conexion.py:25] Creación del pool exitosa: <psycopg2.pool.SimpleConnectionPool object at 0x00000210BAB0BF40>
11:29:54 AM: DEBUG [conexion.py:36] Conexión obtenida del pool: <connection object at 0x00000210BAE33BF0; dsn: 'user=postgres password=xxx dbname=test_db host=127.0.0.1 port=5432', closed: 0>
11:29:54 AM: DEBUG [usuario_dao.py:19] Seleccionando usuarios
11:29:54 AM: DEBUG [cursor_del_pool.py:16] Se ejecuta método __exit__
11:29:54 AM: DEBUG [cursor_del_pool.py:22] Commit de la transacción
11:29:54 AM: DEBUG [conexion.py:42] Regresamos la conexión al pool: <connection object at 0x00000210BAE33BF0; dsn: 'user=postgres password=xxx dbname=test_db host=127.0.0.1 port=5432', closed: 0>
11:29:54 AM: INFO [menu_app_usuario.py:17] Usuario: 1 jperez 123
11:29:54 AM: INFO [menu_app_usuario.py:17] Usuario: 2 kgomez 456
11:29:54 AM: INFO [menu_app_usuario.py:17] Usuario: 3 mlara 567
